


ARM Macro Assembler    Page 1 


    1 00000000         ;****************** Lab3.s ***************
    2 00000000         ; Program written by: Aastha Agrawal and Aryaan Saxena
    3 00000000         ; Date Created: 2/4/2017
    4 00000000         ; Last Modified: 1/4/2023
    5 00000000         ; Brief description of the program
    6 00000000         ;   The LED toggles at 2 Hz and a varying duty-cycle
    7 00000000         ; Hardware connections (External: Two buttons and one LE
                       D)
    8 00000000         ;  Change is Button input  (1 means pressed, 0 means not
                        pressed)
    9 00000000         ;  Breathe is Button input  (1 means pressed, 0 means no
                       t pressed)
   10 00000000         ;  LED is an output (1 activates external LED)
   11 00000000         ; Overall functionality of this system is to operate lik
                       e this
   12 00000000         ;   1) Make LED an output and make Change and Breathe in
                       puts.
   13 00000000         ;   2) The system starts with the the LED toggling at 2H
                       z,
   14 00000000         ;      which is 2 times per second with a duty-cycle of 
                       30%.
   15 00000000         ;      Therefore, the LED is ON for 150ms and off for 35
                       0 ms.
   16 00000000         ;   3) When the Change button is pressed-and-released in
                       crease
   17 00000000         ;      the duty cycle by 20% (modulo 100%). Therefore fo
                       r each
   18 00000000         ;      press-and-release the duty cycle changes from 30%
                        to 70% to 70%
   19 00000000         ;      to 90% to 10% to 30% so on
   20 00000000         ;   4) Implement a "breathing LED" when Breathe Switch i
                       s pressed:
   21 00000000         ; PortE device registers
   22 00000000 400243FC 
                       GPIO_PORTE_DATA_R
                               EQU              0x400243FC
   23 00000000 40024400 
                       GPIO_PORTE_DIR_R
                               EQU              0x40024400
   24 00000000 4002451C 
                       GPIO_PORTE_DEN_R
                               EQU              0x4002451C
   25 00000000 400FE608 
                       SYSCTL_RCGCGPIO_R
                               EQU              0x400FE608
   26 00000000         
   27 00000000                 IMPORT           TExaS_Init
   28 00000000                 THUMB
   29 00000000                 AREA             DATA, ALIGN=2
   30 00000000         ;global variables go here
   31 00000000         
   32 00000000                 AREA             |.text|, CODE, READONLY, ALIGN=
3
   33 00000000                 THUMB
   34 00000000                 EXPORT           EID1
   35 00000000 61 73 32 
              32 35 35 
              38 32 00 EID1    DCB              "as225582",0 ;replace ABC123 wi
                                                            th your EID



ARM Macro Assembler    Page 2 


   36 00000009                 EXPORT           EID2
   37 00000009 61 61 39 
              32 38 33 
              38 00    EID2    DCB              "aa92838",0 ;replace ABC123 wit
                                                            h your EID
   38 00000011 00 00 00        ALIGN            4
   39 00000014         
   40 00000014                 EXPORT           Start
   41 00000014         
   42 00000014         Start
   43 00000014         ; TExaS_Init sets bus clock at 80 MHz, interrupts, ADC1,
                        TIMER3, TIMER5, and UART0
   44 00000014 F04F 0002       MOV              R0,#2       ;0 for TExaS oscill
                                                            oscope, 1 for PORTE
                                                             logic analyzer, 2 
                                                            for Lab3 grader, 3 
                                                            for none
   45 00000018 F7FF FFFE       BL               TExaS_Init  ;enables interrupts
                                                            , prints the pin se
                                                            lections based on E
                                                            ID1 EID2
   46 0000001C         ; Your Initialization goes here
   47 0000001C 4AF0            LDR              R2, =SYSCTL_RCGCGPIO_R
   48 0000001E 6811            LDR              R1, [R2]
   49 00000020 F041 0110       ORR              R1, #0x10
   50 00000024 6011            STR              R1, [R2]
   51 00000026 BF00            NOP
   52 00000028 BF00            NOP
   53 0000002A         
   54 0000002A         ; Set Inputs and Outputs 
   55 0000002A 4AEE            LDR              R2, =GPIO_PORTE_DIR_R
   56 0000002C 6811            LDR              R1, [R2]
   57 0000002E F041 0110       ORR              R1, #0x10
   58 00000032 F021 0106       BIC              R1, #0x06
   59 00000036 6011            STR              R1, [R2]
   60 00000038         
   61 00000038 4AEB            LDR              R2, =GPIO_PORTE_DEN_R
   62 0000003A 6811            LDR              R1, [R2]
   63 0000003C F041 0116       ORR              R1, #0x16
   64 00000040 6011            STR              R1, [R2]
   65 00000042         
   66 00000042 4DEA            LDR              R5, =1500000
   67 00000044 4EEA            LDR              R6, =3500000
   68 00000046 4FEB            LDR              R7, =1000000
   69 00000048 F04F 0964       LDR              R9, =100
   70 0000004C         
   71 0000004C B662            CPSIE            I
   72 0000004E         
   73 0000004E         loop
   74 0000004E 4CEA            LDR              R4, =GPIO_PORTE_DATA_R
   75 00000050         
   76 00000050         breathe
   77 00000050 6821            LDR              R1, [R4]
   78 00000052 F00A 0A00       AND              R10, R10, #0
   79 00000056 EA4F 0191       LSR              R1, #2
   80 0000005A F001 0101       AND              R1, #0x01
   81 0000005E 2900            CMP              R1, #0
   82 00000060         
   83 00000060 D027            BEQ              change



ARM Macro Assembler    Page 3 


   84 00000062         brbutON
   85 00000062 4BE6            LDR              R3, =SinTable
   86 00000064 F833 000A       LDRH             R0, [R3, R10]
   87 00000068 FB00 F009       MUL              R0, R0, R9
   88 0000006C F04F 0210       MOV              R2, #0x10
   89 00000070 6022            STR              R2, [R4]
   90 00000072 F000 F9AD       BL               Delay
   91 00000076 F04F 0200       MOV              R2, #0
   92 0000007A 6022            STR              R2, [R4]
   93 0000007C F10A 0A02       ADD              R10, R10, #2
   94 00000080 F1BA 0FC8       CMP              R10, #200
   95 00000084 D101            BNE              breathing
   96 00000086 F00A 0A00       AND              R10, R10, #0
   97 0000008A         breathing
   98 0000008A F833 000A       LDRH             R0, [R3, R10]
   99 0000008E FB00 F009       MUL              R0, R0, R9
  100 00000092         
  101 00000092 F000 F99D       BL               Delay
  102 00000096 F10A 0A02       ADD              R10, R10, #2
  103 0000009A F1BA 0FC8       CMP              R10, #200
  104 0000009E D101            BNE              breathing2
  105 000000A0 F00A 0A00       AND              R10, R10, #0
  106 000000A4         breathing2
  107 000000A4 6821            LDR              R1, [R4]
  108 000000A6 EA4F 0191       LSR              R1, #2
  109 000000AA F001 0101       AND              R1, #0x01
  110 000000AE 2900            CMP              R1, #0
  111 000000B0 D1D7            BNE              brbutON
  112 000000B2         
  113 000000B2         change
  114 000000B2         ; main engine goes here
  115 000000B2         
  116 000000B2         ; check if switch PE1 on 
  117 000000B2 6821            LDR              R1, [R4]
  118 000000B4 EA4F 0151       LSR              R1, #1
  119 000000B8 F001 0101       AND              R1, #0x01
  120 000000BC 2900            CMP              R1, #0
  121 000000BE D010            BEQ              oscil
  122 000000C0 443D            ADD              R5, R5, R7
  123 000000C2 EBA6 0607       SUB              R6, R6, R7
  124 000000C6 49CE            LDR              R1, =5500000
  125 000000C8 428D            CMP              R5, R1
  126 000000CA D105            BNE              PEon
  127 000000CC 49CD            LDR              R1, =0500000
  128 000000CE 4DCE            LDR              R5, =4500000
  129 000000D0 F105 0600       ADD              R6, R5, #0
  130 000000D4 F101 0500       ADD              R5, R1, #0
  131 000000D8         PEon
  132 000000D8 6821            LDR              R1, [R4]
  133 000000DA EA4F 0151       LSR              R1, #1
  134 000000DE 2900            CMP              R1, #0
  135 000000E0 D1FA            BNE              PEon
  136 000000E2         
  137 000000E2         oscil
  138 000000E2 F04F 0210       MOV              R2, #0x10
  139 000000E6 6022            STR              R2, [R4]
  140 000000E8 F000 0000       AND              R0, R0, #0
  141 000000EC 4428            ADD              R0, R0, R5
  142 000000EE F000 F96F       BL               Delay



ARM Macro Assembler    Page 4 


  143 000000F2 F04F 0200       MOV              R2, #0
  144 000000F6 6022            STR              R2, [R4]
  145 000000F8 F000 0000       AND              R0, R0, #0
  146 000000FC 4430            ADD              R0, R0, R6
  147 000000FE         
  148 000000FE F000 F967       BL               Delay
  149 00000102 E7A4            B                loop
  150 00000104         
  151 00000104                 ALIGN            4
  152 00000104         ; 256 points with values from 100 to 9900      
  153 00000104         PerlinTable
  154 00000104 F8 16 51 
              18 E1 14 
              00 0E D9 
              0D A2 02 
              FB 13 56 
              02 73 1E 
              99 0E BF 
              0E 51 08 
              67 1D 3C 
              23 70 01 
              09 22 53 
              15 C6 05 
              CB 0F E0 
              04 B5 0A 
              A0 15 96 
              01               DCW              5880,6225,5345,3584,3545,674,51
15,598,7795,3737,3775,2129,7527,9020,368,8713,5459,1478,4043,1248,2741,5536,406
  155 00000132 32 0F EC 
              05 48 24 
              88 03 E3 
              01 D4 03 
              CD 1C 4A 
              01 86 16 
              53 25 56 
              12 62 23 
              9B 0B 64 
              00 47 04 
              D9 1D A9 
              09 72 0E 
              13 26 24 
              21 BF 1E 
              E3 11 A0 
              05               DCW              3890,1516,9288,904,483,980,7373
,330,5766,9555,4694,9058,2971,100,1095,7641,2473,3698,9747,8484,7871,4579,1440
  156 00000160 09 02 2D 
              05 EA 08 
              DC 1A 53 
              05 8D 0D 
              D5 23 AC 
              16 C4 08 
              66 0D 69 
              1A 62 03 
              15 13 BA 
              14 F6 19 
              83 19 8F 
              0A 8F 1A 
              75 0B 10 
              19 02 0B 



ARM Macro Assembler    Page 5 


              6E 14 2D 
              15               DCW              521,1325,2282,6876,1363,3469,91
73,5804,2244,3430,6761,866,4885,5306,6646,6531,2703,6799,2933,6416,2818,5230,54
21
  157 0000018E 92 07 6E 
              04 37 19 
              E8 0B 39 
              16 04 18 
              EF 22 CD 
              0C FD 10 
              A2 22 A2 
              12 5D 09 
              F1 1F 47 
              14 C9 22 
              4A 21 18 
              10 26 0E 
              86 06 9D 
              08 45 07 
              07 25            DCW              1938,1134,6455,3048,5689,6148,8
943,3277,4349,8866,4770,2397,8177,5191,8905,8522,4120,3622,1670,2205,1861,9479
  158 000001BA 5F 06 E1 
              24 A5 0F 
              C6 15 77 
              08 1C 0A 
              21 04 D0 
              09 77 18 
              8A 00 B1 
              20 5B 0C 
              4F 0B A5 
              1F C1 0B 
              21 14 5B 
              1C 7F 1F 
              B3 0D 15 
              03 AA 19 
              4C 1E B3 
              1D               DCW              1631,9441,4005,5574,2167,2588,1
057,2512,6263,138,8369,3163,2895,8101,3009,5153,7259,8063,3507,789,6570,7756,76
03
  159 000001E8 94 14 D5 
              13 BD 11 
              81 1C 2B 
              18 40 0D 
              EA 18 58 
              0F B1 10 
              00 1E 43 
              1A 34 1C 
              D7 00 F6 
              09 2B 08 
              D7 20 30 
              22 C6 25 
              EF 12 C9 
              12 23 01 
              99 1E 13 
              06               DCW              5268,5077,4541,7297,6187,3392,6
378,3928,4273,7680,6723,7220,215,2550,2091,8407,8752,9670,4847,4809,291,7833,15
55
  160 00000216 5F 16 09 
              12 3B 13 
              86 26 A7 



ARM Macro Assembler    Page 6 


              0C 1A 0D 
              18 20 58 
              1F 32 1F 
              37 09 56 
              22 6B 07 
              C9 02 10 
              09 EF 02 
              9B 1B A7 
              1C 94 04 
              AC 06 BD 
              21 C1 1B 
              D0 19 3E 
              20               DCW              5727,4617,4923,9862,3239,3354,8
216,8024,7986,2359,8790,1899,713,2320,751,7067,7335,1172,1708,8637,7105,6608,82
54
  161 00000244 2F 12 7A 
              25 1F 17 
              B1 00 F8 
              06 6B 17 
              C4 18 DC 
              0A 70 21 
              45 17 7E 
              0F 92 17 
              5D 19 D2 
              06 1C 1A 
              BD 01 AE 
              13 AE 03 
              39 06 39 
              26 3B 03 
              0C 0F 8A 
              10               DCW              4655,9594,5919,177,1784,5995,63
40,2780,8560,5957,3966,6034,6493,1746,6684,445,5038,942,1593,9785,827,3852,4234
  162 00000272 D7 10 34 
              0C 4A 11 
              E3 21 15 
              23 02 1B 
              0E 1C 24 
              11 F1 0F 
              FD 20 2D 
              25 E5 0E 
              7C 22 ED 
              25 7A 05 
              94 24 40 
              1D FB 23 
              CB 1F ED 
              15 2F 02 
              F4 1C            DCW              4311,3124,4426,8675,8981,6914,7
182,4388,4081,8445,9517,3813,8828,9709,1402,9364,7488,9211,8139,5613,559,7412
  163 0000029E 28 1B 9E 
              18 6E 24 
              81 0C 04 
              08 13 16 
              88 23 A0 
              25 7C 02 
              21 24 64 
              10 B8 07 
              1A 1D 64 
              20 07 05 
              75 1B 26 



ARM Macro Assembler    Page 7 


              1E 3E 10 
              DE 17 E8 
              1B F4 0C 
              E5 1E            DCW              6952,6302,9326,3201,2052,5651,9
096,9632,636,9249,4196,1976,7450,8292,1287,7029,7718,4158,6110,7144,3316,7909
  164 000002CA B6 1A 96 
              11 7C 12 
              DE 07 1F 
              07 62 13 
              FD 00 D2 
              16 5F 26 
              07 15 AE 
              23 0C 1F 
              4C 0E 96 
              21 70 11 
              69 0A BA 
              04 FB 03 
              28 0B BA 
              24 7A 15 
              88 13            DCW              6838,4502,4732,2014,1823,4962,2
53,5842,9823,5383,9134,7948,3660,8598,4464,2665,1210,1019,2856,9402,5498,5000
  165 000002F6 8D 1D 0E 
              0C 43 0A 
              8A 20 83 
              09 B8 17 
              4F 1B            DCW              7565,3086,2627,8330,2435,6072,6
991
  166 00000304         ; 100 numbers from 0 to 10000
  167 00000304         ; sinusoidal shape
  168 00000304                 ALIGN            4
  169 00000304         SinTable
  170 00000304 88 13 BC 
              14 EE 15 
              1E 17 4B 
              18 72 19 
              94 1A AE 
              1B C1 1C 
              CA 1D            DCW              5000, 5308, 5614, 5918, 6219, 6
514, 6804, 7086, 7361, 7626
  171 00000318 C8 1E BB 
              1F A2 20 
              7C 21 48 
              22 04 23 
              B1 23 4E 
              24 DA 24 
              54 25            DCW              7880, 8123, 8354, 8572, 8776, 8
964, 9137, 9294, 9434, 9556
  172 0000032C BC 25 12 
              26 55 26 
              85 26 A2 
              26 AC 26 
              A2 26 85 
              26 55 26 
              12 26            DCW              9660, 9746, 9813, 9861, 9890, 9
900, 9890, 9861, 9813, 9746
  173 00000340 BC 25 54 
              25 DA 24 
              4E 24 B1 
              23 04 23 



ARM Macro Assembler    Page 8 


              48 22 7C 
              21 A2 20 
              BB 1F            DCW              9660, 9556, 9434, 9294, 9137, 8
964, 8776, 8572, 8354, 8123
  174 00000354 C8 1E CA 
              1D C1 1C 
              AE 1B 94 
              1A 72 19 
              4B 18 1E 
              17 EE 15 
              BC 14            DCW              7880, 7626, 7361, 7086, 6804, 6
514, 6219, 5918, 5614, 5308
  175 00000368 88 13 54 
              12 22 11 
              F2 0F C5 
              0E 9E 0D 
              7C 0C 62 
              0B 4F 0A 
              46 09            DCW              5000, 4692, 4386, 4082, 3781, 3
486, 3196, 2914, 2639, 2374
  176 0000037C 48 08 55 
              07 6E 06 
              94 05 C8 
              04 0C 04 
              5F 03 C2 
              02 36 02 
              BC 01            DCW              2120, 1877, 1646, 1428, 1224, 1
036,  863,  706,  566,  444
  177 00000390 54 01 FE 
              00 BB 00 
              8B 00 6E 
              00 64 00 
              6E 00 8B 
              00 BB 00 
              FE 00            DCW              340,  254,  187,  139,  110,  1
00,  110,  139,  187,  254
  178 000003A4 54 01 BC 
              01 36 02 
              C2 02 5F 
              03 0C 04 
              C8 04 94 
              05 6E 06 
              55 07            DCW              340,  444,  566,  706,  863, 10
36, 1224, 1428, 1646, 1877
  179 000003B8 48 08 46 
              09 4F 0A 
              62 0B 7C 
              0C 9E 0D 
              C5 0E F2 
              0F 22 11 
              54 12            DCW              2120, 2374, 2639, 2914, 3196, 3
486, 3781, 4082, 4386, 4692
  180 000003CC         
  181 000003CC 00000000        ALIGN            8
  182 000003D0         Delay                                ;100ns*R0 
  183 000003D0 BF00            NOP
  184 000003D2 BF00            NOP
  185 000003D4 BF00            NOP
  186 000003D6 BF00            NOP



ARM Macro Assembler    Page 9 


  187 000003D8 1E40            SUBS             R0, R0, #1
  188 000003DA D1F9            BNE              Delay
  189 000003DC 4770            BX               LR
  190 000003DE         
  191 000003DE 00 00           ALIGN                        ; make sure the end
                                                             of this section is
                                                             aligned
  192 000003E0                 END                          ; end of file
              400FE608 
              40024400 
              4002451C 
              0016E360 
              003567E0 
              000F4240 
              400243FC 
              00000000 
              0053EC60 
              0007A120 
              0044AA20 
Command Line: --debug --xref --diag_suppress=9931,A1950W --cpu=Cortex-M4 --fpu=
SoftVFP --depend=.\lab3.d -o.\lab3.o -I.\RTE\_Lab3 -IC:\Users\aryaa\AppData\Loc
al\Arm\Packs\ARM\CMSIS\5.9.0\CMSIS\Core\Include -IC:\Users\aryaa\AppData\Local\
Arm\Packs\Keil\TM4C_DFP\1.1.0\Device\Include\TM4C123 --predefine="__EVAL SETA 1
" --predefine="__UVISION_VERSION SETA 538" --predefine="_RTE_ SETA 1" --predefi
ne="TM4C123GH6PM SETA 1" --predefine="_RTE_ SETA 1" --list=.\lab3.lst Lab3.s



ARM Macro Assembler    Page 1 Alphabetic symbol ordering
Relocatable symbols

DATA 00000000

Symbol: DATA
   Definitions
      At line 29 in file Lab3.s
   Uses
      None
Comment: DATA unused
1 symbol



ARM Macro Assembler    Page 1 Alphabetic symbol ordering
Relocatable symbols

.text 00000000

Symbol: .text
   Definitions
      At line 32 in file Lab3.s
   Uses
      None
Comment: .text unused
Delay 000003D0

Symbol: Delay
   Definitions
      At line 182 in file Lab3.s
   Uses
      At line 90 in file Lab3.s
      At line 101 in file Lab3.s
      At line 142 in file Lab3.s
      At line 148 in file Lab3.s
      At line 188 in file Lab3.s

EID1 00000000

Symbol: EID1
   Definitions
      At line 35 in file Lab3.s
   Uses
      At line 34 in file Lab3.s
Comment: EID1 used once
EID2 00000009

Symbol: EID2
   Definitions
      At line 37 in file Lab3.s
   Uses
      At line 36 in file Lab3.s
Comment: EID2 used once
PEon 000000D8

Symbol: PEon
   Definitions
      At line 131 in file Lab3.s
   Uses
      At line 126 in file Lab3.s
      At line 135 in file Lab3.s

PerlinTable 00000104

Symbol: PerlinTable
   Definitions
      At line 153 in file Lab3.s
   Uses
      None
Comment: PerlinTable unused
SinTable 00000304

Symbol: SinTable
   Definitions
      At line 169 in file Lab3.s
   Uses



ARM Macro Assembler    Page 2 Alphabetic symbol ordering
Relocatable symbols

      At line 85 in file Lab3.s
Comment: SinTable used once
Start 00000014

Symbol: Start
   Definitions
      At line 42 in file Lab3.s
   Uses
      At line 40 in file Lab3.s
Comment: Start used once
brbutON 00000062

Symbol: brbutON
   Definitions
      At line 84 in file Lab3.s
   Uses
      At line 111 in file Lab3.s
Comment: brbutON used once
breathe 00000050

Symbol: breathe
   Definitions
      At line 76 in file Lab3.s
   Uses
      None
Comment: breathe unused
breathing 0000008A

Symbol: breathing
   Definitions
      At line 97 in file Lab3.s
   Uses
      At line 95 in file Lab3.s
Comment: breathing used once
breathing2 000000A4

Symbol: breathing2
   Definitions
      At line 106 in file Lab3.s
   Uses
      At line 104 in file Lab3.s
Comment: breathing2 used once
change 000000B2

Symbol: change
   Definitions
      At line 113 in file Lab3.s
   Uses
      At line 83 in file Lab3.s
Comment: change used once
loop 0000004E

Symbol: loop
   Definitions
      At line 73 in file Lab3.s
   Uses
      At line 149 in file Lab3.s
Comment: loop used once
oscil 000000E2



ARM Macro Assembler    Page 3 Alphabetic symbol ordering
Relocatable symbols


Symbol: oscil
   Definitions
      At line 137 in file Lab3.s
   Uses
      At line 121 in file Lab3.s
Comment: oscil used once
15 symbols



ARM Macro Assembler    Page 1 Alphabetic symbol ordering
Absolute symbols

GPIO_PORTE_DATA_R 400243FC

Symbol: GPIO_PORTE_DATA_R
   Definitions
      At line 22 in file Lab3.s
   Uses
      At line 74 in file Lab3.s
Comment: GPIO_PORTE_DATA_R used once
GPIO_PORTE_DEN_R 4002451C

Symbol: GPIO_PORTE_DEN_R
   Definitions
      At line 24 in file Lab3.s
   Uses
      At line 61 in file Lab3.s
Comment: GPIO_PORTE_DEN_R used once
GPIO_PORTE_DIR_R 40024400

Symbol: GPIO_PORTE_DIR_R
   Definitions
      At line 23 in file Lab3.s
   Uses
      At line 55 in file Lab3.s
Comment: GPIO_PORTE_DIR_R used once
SYSCTL_RCGCGPIO_R 400FE608

Symbol: SYSCTL_RCGCGPIO_R
   Definitions
      At line 25 in file Lab3.s
   Uses
      At line 47 in file Lab3.s
Comment: SYSCTL_RCGCGPIO_R used once
4 symbols



ARM Macro Assembler    Page 1 Alphabetic symbol ordering
External symbols

TExaS_Init 00000000

Symbol: TExaS_Init
   Definitions
      At line 27 in file Lab3.s
   Uses
      At line 45 in file Lab3.s
Comment: TExaS_Init used once
1 symbol
357 symbols in table
